<?xml version="1.0" encoding="UTF-8"?>
<!-- Generated by org.testng.reporters.JUnitXMLReporter -->
<testsuite ignored="0" hostname="Prachi" failures="1" tests="1" name="Default test" time="3.283" errors="0" timestamp="2023-12-18T21:17:16 EST">
  <testcase classname="PAuth0" name="auth0" time="3.249">
    <failure type="java.lang.RuntimeException" message="com.fasterxml.jackson.databind.exc.UnrecognizedPropertyException: Unrecognized field &amp;quot;instructor&amp;quot; (class pojo.GetCourse), not marked as ignorable (6 known properties: &amp;quot;expertise&amp;quot;, &amp;quot;instuctor&amp;quot;, &amp;quot;courses&amp;quot;, &amp;quot;services&amp;quot;, &amp;quot;url&amp;quot;, &amp;quot;linkedIn&amp;quot;])
 at [Source: (String)&amp;quot;
{ &amp;quot;instructor&amp;quot;: &amp;quot;RahulShetty&amp;quot;, &amp;quot;url&amp;quot;: &amp;quot;rahulshettycademy.com&amp;quot;, &amp;quot;services&amp;quot;: &amp;quot;projectSupport&amp;quot;, &amp;quot;expertise&amp;quot;: &amp;quot;Automation&amp;quot;, &amp;quot;courses&amp;quot;: { &amp;quot;webAutomation&amp;quot;: [ { &amp;quot;courseTitle&amp;quot;: &amp;quot;Selenium Webdriver Java&amp;quot;, &amp;quot;price&amp;quot;: &amp;quot;50&amp;quot; }, { &amp;quot;courseTitle&amp;quot;: &amp;quot;Cypress&amp;quot;,
                &amp;quot;price&amp;quot;: &amp;quot;40&amp;quot;
            },
            {
                &amp;quot;courseTitle&amp;quot;: &amp;quot;Protractor&amp;quot;,
                &amp;quot;price&amp;quot;: &amp;quot;40&amp;quot;
            }
        ],
        &amp;quot;api&amp;quot;: [
            {
                &amp;quot;courseTitle&amp;quot;: &amp;quot;Rest Assured Automation using Java&amp;quot;,&amp;quot;[truncated 411 chars]; line: 2, column: 18] (through reference chain: pojo.GetCourse[&amp;quot;instructor&amp;quot;])">
      <![CDATA[java.lang.RuntimeException: com.fasterxml.jackson.databind.exc.UnrecognizedPropertyException: Unrecognized field "instructor" (class pojo.GetCourse), not marked as ignorable (6 known properties: "expertise", "instuctor", "courses", "services", "url", "linkedIn"])
 at [Source: (String)"
{ "instructor": "RahulShetty", "url": "rahulshettycademy.com", "services": "projectSupport", "expertise": "Automation", "courses": { "webAutomation": [ { "courseTitle": "Selenium Webdriver Java", "price": "50" }, { "courseTitle": "Cypress",
                "price": "40"
            },
            {
                "courseTitle": "Protractor",
                "price": "40"
            }
        ],
        "api": [
            {
                "courseTitle": "Rest Assured Automation using Java","[truncated 411 chars]; line: 2, column: 18] (through reference chain: pojo.GetCourse["instructor"])
at io.restassured.internal.path.json.mapping.JsonPathJackson2ObjectDeserializer.deserialize(JsonPathJackson2ObjectDeserializer.java:30)
at io.restassured.path.json.mapping.JsonPathObjectDeserializer$deserialize.call(Unknown Source)
at org.codehaus.groovy.runtime.callsite.CallSiteArray.defaultCall(CallSiteArray.java:45)
at org.codehaus.groovy.runtime.callsite.AbstractCallSite.call(AbstractCallSite.java:125)
at org.codehaus.groovy.runtime.callsite.AbstractCallSite.call(AbstractCallSite.java:139)
at io.restassured.internal.mapping.Jackson2Mapper.deserialize(Jackson2Mapper.groovy:58)
at io.restassured.mapper.ObjectMapper$deserialize.call(Unknown Source)
at org.codehaus.groovy.runtime.callsite.CallSiteArray.defaultCall(CallSiteArray.java:45)
at org.codehaus.groovy.runtime.callsite.AbstractCallSite.call(AbstractCallSite.java:125)
at org.codehaus.groovy.runtime.callsite.AbstractCallSite.call(AbstractCallSite.java:139)
at io.restassured.internal.mapping.ObjectMapping.parseWithJackson2(ObjectMapping.groovy:254)
at io.restassured.internal.mapping.ObjectMapping$parseWithJackson2$0.callStatic(Unknown Source)
at org.codehaus.groovy.runtime.callsite.CallSiteArray.defaultCallStatic(CallSiteArray.java:53)
at org.codehaus.groovy.runtime.callsite.AbstractCallSite.callStatic(AbstractCallSite.java:217)
at org.codehaus.groovy.runtime.callsite.AbstractCallSite.callStatic(AbstractCallSite.java:240)
at io.restassured.internal.mapping.ObjectMapping.deserialize(ObjectMapping.groovy:56)
at io.restassured.internal.mapping.ObjectMapping$deserialize.call(Unknown Source)
at org.codehaus.groovy.runtime.callsite.CallSiteArray.defaultCall(CallSiteArray.java:45)
at org.codehaus.groovy.runtime.callsite.AbstractCallSite.call(AbstractCallSite.java:125)
at io.restassured.internal.RestAssuredResponseOptionsGroovyImpl.as(RestAssuredResponseOptionsGroovyImpl.groovy:229)
at io.restassured.internal.RestAssuredResponseOptionsImpl.as(RestAssuredResponseOptionsImpl.java:169)
at PAuth0.auth0(PAuth0.java:61)
at java.base/jdk.internal.reflect.NativeMethodAccessorImpl.invoke0(Native Method)
at java.base/jdk.internal.reflect.NativeMethodAccessorImpl.invoke(NativeMethodAccessorImpl.java:77)
at java.base/jdk.internal.reflect.DelegatingMethodAccessorImpl.invoke(DelegatingMethodAccessorImpl.java:43)
at java.base/java.lang.reflect.Method.invoke(Method.java:568)
at org.testng.internal.invokers.MethodInvocationHelper.invokeMethod(MethodInvocationHelper.java:139)
at org.testng.internal.invokers.TestInvoker.invokeMethod(TestInvoker.java:677)
at org.testng.internal.invokers.TestInvoker.invokeTestMethod(TestInvoker.java:221)
at org.testng.internal.invokers.MethodRunner.runInSequence(MethodRunner.java:50)
at org.testng.internal.invokers.TestInvoker$MethodInvocationAgent.invoke(TestInvoker.java:962)
at org.testng.internal.invokers.TestInvoker.invokeTestMethods(TestInvoker.java:194)
at org.testng.internal.invokers.TestMethodWorker.invokeTestMethods(TestMethodWorker.java:148)
at org.testng.internal.invokers.TestMethodWorker.run(TestMethodWorker.java:128)
at java.base/java.util.ArrayList.forEach(ArrayList.java:1511)
at org.testng.TestRunner.privateRun(TestRunner.java:806)
at org.testng.TestRunner.run(TestRunner.java:601)
at org.testng.SuiteRunner.runTest(SuiteRunner.java:433)
at org.testng.SuiteRunner.runSequentially(SuiteRunner.java:427)
at org.testng.SuiteRunner.privateRun(SuiteRunner.java:387)
at org.testng.SuiteRunner.run(SuiteRunner.java:330)
at org.testng.SuiteRunnerWorker.runSuite(SuiteRunnerWorker.java:52)
at org.testng.SuiteRunnerWorker.run(SuiteRunnerWorker.java:95)
at org.testng.TestNG.runSuitesSequentially(TestNG.java:1256)
at org.testng.TestNG.runSuitesLocally(TestNG.java:1176)
at org.testng.TestNG.runSuites(TestNG.java:1099)
at org.testng.TestNG.run(TestNG.java:1067)
at org.testng.remote.AbstractRemoteTestNG.run(AbstractRemoteTestNG.java:115)
at org.testng.remote.RemoteTestNG.initAndRun(RemoteTestNG.java:251)
at org.testng.remote.RemoteTestNG.main(RemoteTestNG.java:77)
Caused by: com.fasterxml.jackson.databind.exc.UnrecognizedPropertyException: Unrecognized field "instructor" (class pojo.GetCourse), not marked as ignorable (6 known properties: "expertise", "instuctor", "courses", "services", "url", "linkedIn"])
 at [Source: (String)"
{ "instructor": "RahulShetty", "url": "rahulshettycademy.com", "services": "projectSupport", "expertise": "Automation", "courses": { "webAutomation": [ { "courseTitle": "Selenium Webdriver Java", "price": "50" }, { "courseTitle": "Cypress",
                "price": "40"
            },
            {
                "courseTitle": "Protractor",
                "price": "40"
            }
        ],
        "api": [
            {
                "courseTitle": "Rest Assured Automation using Java","[truncated 411 chars]; line: 2, column: 18] (through reference chain: pojo.GetCourse["instructor"])
at com.fasterxml.jackson.databind.exc.UnrecognizedPropertyException.from(UnrecognizedPropertyException.java:61)
at com.fasterxml.jackson.databind.DeserializationContext.handleUnknownProperty(DeserializationContext.java:823)
at com.fasterxml.jackson.databind.deser.std.StdDeserializer.handleUnknownProperty(StdDeserializer.java:1153)
at com.fasterxml.jackson.databind.deser.BeanDeserializerBase.handleUnknownProperty(BeanDeserializerBase.java:1589)
at com.fasterxml.jackson.databind.deser.BeanDeserializerBase.handleUnknownVanilla(BeanDeserializerBase.java:1567)
at com.fasterxml.jackson.databind.deser.BeanDeserializer.vanillaDeserialize(BeanDeserializer.java:294)
at com.fasterxml.jackson.databind.deser.BeanDeserializer.deserialize(BeanDeserializer.java:151)
at com.fasterxml.jackson.databind.ObjectMapper._readMapAndClose(ObjectMapper.java:4013)
at com.fasterxml.jackson.databind.ObjectMapper.readValue(ObjectMapper.java:3042)
at io.restassured.internal.path.json.mapping.JsonPathJackson2ObjectDeserializer.deserialize(JsonPathJackson2ObjectDeserializer.java:28)
... 49 more
]]>
    </failure>
  </testcase> <!-- auth0 -->
</testsuite> <!-- Default test -->
